CRITICAL - 2023-01-06 15:28:28 --> Class "Barion\client\BarionClient" not found
in APPPATH\Controllers\BarionController.php on line 21.
 1 SYSTEMPATH\CodeIgniter.php(925): App\Controllers\BarionController->BarionPayment()
 2 SYSTEMPATH\CodeIgniter.php(480): CodeIgniter\CodeIgniter->runController()
 3 SYSTEMPATH\CodeIgniter.php(349): CodeIgniter\CodeIgniter->handleRequest()
 4 FCPATH\index.php(67): CodeIgniter\CodeIgniter->run()
 5 SYSTEMPATH\Commands\Server\rewrite.php(47): require_once('FCPATH\\index.php')
CRITICAL - 2023-01-06 15:37:29 --> Class "Barion\client\BarionClient" not found
in APPPATH\Controllers\BarionController.php on line 21.
 1 SYSTEMPATH\CodeIgniter.php(925): App\Controllers\BarionController->BarionPayment()
 2 SYSTEMPATH\CodeIgniter.php(480): CodeIgniter\CodeIgniter->runController()
 3 SYSTEMPATH\CodeIgniter.php(349): CodeIgniter\CodeIgniter->handleRequest()
 4 FCPATH\index.php(67): CodeIgniter\CodeIgniter->run()
 5 SYSTEMPATH\Commands\Server\rewrite.php(47): require_once('FCPATH\\index.php')
CRITICAL - 2023-01-06 15:42:00 --> Class "Barion\client\BarionClient" not found
in APPPATH\Controllers\BarionController.php on line 21.
 1 SYSTEMPATH\CodeIgniter.php(925): App\Controllers\BarionController->BarionPayment()
 2 SYSTEMPATH\CodeIgniter.php(480): CodeIgniter\CodeIgniter->runController()
 3 SYSTEMPATH\CodeIgniter.php(349): CodeIgniter\CodeIgniter->handleRequest()
 4 FCPATH\index.php(67): CodeIgniter\CodeIgniter->run()
 5 SYSTEMPATH\Commands\Server\rewrite.php(47): require_once('FCPATH\\index.php')
